C:\USERS\T-FEYAN\DROPBOX\MSR\02DNNSERVING\SIMUCOMPUTE\DNNSIMULATORALL-D-IMAGENET1K-W1\DNNSIMULATOR\RELEASE\RVGS.OBJ
C:\USERS\T-FEYAN\DROPBOX\MSR\02DNNSERVING\SIMUCOMPUTE\DNNSIMULATORALL-D-IMAGENET1K-W1\DNNSIMULATOR\RELEASE\RNGS.OBJ
C:\USERS\T-FEYAN\DROPBOX\MSR\02DNNSERVING\SIMUCOMPUTE\DNNSIMULATORALL-D-IMAGENET1K-W1\DNNSIMULATOR\RELEASE\MAIN.OBJ
C:\USERS\T-FEYAN\DROPBOX\MSR\02DNNSERVING\SIMUCOMPUTE\DNNSIMULATORALL-D-IMAGENET1K-W1\DNNSIMULATOR\RELEASE\CTHREAD.OBJ
C:\USERS\T-FEYAN\DROPBOX\MSR\02DNNSERVING\SIMUCOMPUTE\DNNSIMULATORALL-D-IMAGENET1K-W1\DNNSIMULATOR\RELEASE\CQUEUE.OBJ
C:\USERS\T-FEYAN\DROPBOX\MSR\02DNNSERVING\SIMUCOMPUTE\DNNSIMULATORALL-D-IMAGENET1K-W1\DNNSIMULATOR\RELEASE\COMMON.OBJ
C:\USERS\T-FEYAN\DROPBOX\MSR\02DNNSERVING\SIMUCOMPUTE\DNNSIMULATORALL-D-IMAGENET1K-W1\DNNSIMULATOR\RELEASE\CMACHINE.OBJ
C:\USERS\T-FEYAN\DROPBOX\MSR\02DNNSERVING\SIMUCOMPUTE\DNNSIMULATORALL-D-IMAGENET1K-W1\DNNSIMULATOR\RELEASE\VC110.PDB
C:\USERS\T-FEYAN\DROPBOX\MSR\02DNNSERVING\SIMUCOMPUTE\DNNSIMULATORALL-D-IMAGENET1K-W1\RELEASE\DNNSIMULATOR.EXE
C:\USERS\T-FEYAN\DROPBOX\MSR\02DNNSERVING\SIMUCOMPUTE\DNNSIMULATORALL-D-IMAGENET1K-W1\RELEASE\DNNSIMULATOR.PDB
C:\Users\t-feyan\Dropbox\MSR\02DNNServing\SimuCompute\DNNSimulatorAll-D-ImageNet1K-W4\DNNSimulator\Release\CMachine.obj
C:\Users\t-feyan\Dropbox\MSR\02DNNServing\SimuCompute\DNNSimulatorAll-D-ImageNet1K-W4\DNNSimulator\Release\common.obj
C:\Users\t-feyan\Dropbox\MSR\02DNNServing\SimuCompute\DNNSimulatorAll-D-ImageNet1K-W4\DNNSimulator\Release\CQueue.obj
C:\Users\t-feyan\Dropbox\MSR\02DNNServing\SimuCompute\DNNSimulatorAll-D-ImageNet1K-W4\DNNSimulator\Release\CThread.obj
C:\Users\t-feyan\Dropbox\MSR\02DNNServing\SimuCompute\DNNSimulatorAll-D-ImageNet1K-W4\DNNSimulator\Release\main.obj
C:\Users\t-feyan\Dropbox\MSR\02DNNServing\SimuCompute\DNNSimulatorAll-D-ImageNet1K-W4\DNNSimulator\Release\rngs.obj
C:\Users\t-feyan\Dropbox\MSR\02DNNServing\SimuCompute\DNNSimulatorAll-D-ImageNet1K-W4\DNNSimulator\Release\rvgs.obj
C:\Users\t-feyan\Dropbox\MSR\02DNNServing\SimuCompute\DNNSimulatorAll-D-ImageNet1K-W4\DNNSimulator\Release\cl.command.1.tlog
C:\Users\t-feyan\Dropbox\MSR\02DNNServing\SimuCompute\DNNSimulatorAll-D-ImageNet1K-W4\DNNSimulator\Release\CL.read.1.tlog
C:\Users\t-feyan\Dropbox\MSR\02DNNServing\SimuCompute\DNNSimulatorAll-D-ImageNet1K-W4\DNNSimulator\Release\CL.write.1.tlog
C:\Users\t-feyan\Dropbox\MSR\02DNNServing\SimuCompute\DNNSimulatorAll-D-ImageNet1K-W4\DNNSimulator\Release\link-cvtres.read.1.tlog
C:\Users\t-feyan\Dropbox\MSR\02DNNServing\SimuCompute\DNNSimulatorAll-D-ImageNet1K-W4\DNNSimulator\Release\link-cvtres.write.1.tlog
C:\Users\t-feyan\Dropbox\MSR\02DNNServing\SimuCompute\DNNSimulatorAll-D-ImageNet1K-W4\DNNSimulator\Release\link-rc.read.1.tlog
C:\Users\t-feyan\Dropbox\MSR\02DNNServing\SimuCompute\DNNSimulatorAll-D-ImageNet1K-W4\DNNSimulator\Release\link-rc.write.1.tlog
C:\Users\t-feyan\Dropbox\MSR\02DNNServing\SimuCompute\DNNSimulatorAll-D-ImageNet1K-W4\DNNSimulator\Release\link.command.1.tlog
C:\Users\t-feyan\Dropbox\MSR\02DNNServing\SimuCompute\DNNSimulatorAll-D-ImageNet1K-W4\DNNSimulator\Release\link.read.1.tlog
C:\Users\t-feyan\Dropbox\MSR\02DNNServing\SimuCompute\DNNSimulatorAll-D-ImageNet1K-W4\DNNSimulator\Release\link.write.1.tlog
C:\Users\t-feyan\Dropbox\MSR\02DNNServing\SimuCompute\DNNSimulatorAll-D-ImageNet1K-W4\DNNSimulator\Release\vc110.pdb
C:\Users\t-feyan\Dropbox\MSR\02DNNServing\SimuCompute\DNNSimulatorAll-D-ImageNet1K-W4\Release\DNNSimulator.pdb
C:\Users\t-feyan\Dropbox\MSR\02DNNServing\SimuCompute\DNNSimulatorAll-D-ImageNet1K-W4\Release\DNNSimulator.exe
