C:\ADAM\SERVING\DNNSIMULATORALL-D\DNNSIMULATOR\DEBUG\CMACHINE.OBJ
C:\ADAM\SERVING\DNNSIMULATORALL-D\DNNSIMULATOR\DEBUG\COMMON.OBJ
C:\ADAM\SERVING\DNNSIMULATORALL-D\DNNSIMULATOR\DEBUG\CQUEUE.OBJ
C:\ADAM\SERVING\DNNSIMULATORALL-D\DNNSIMULATOR\DEBUG\CTHREAD.OBJ
C:\ADAM\SERVING\DNNSIMULATORALL-D\DNNSIMULATOR\DEBUG\MAIN.OBJ
C:\ADAM\SERVING\DNNSIMULATORALL-D\DNNSIMULATOR\DEBUG\RNGS.OBJ
C:\ADAM\SERVING\DNNSIMULATORALL-D\DNNSIMULATOR\DEBUG\RVGS.OBJ
C:\ADAM\SERVING\DNNSIMULATORALL-D\DNNSIMULATOR\DEBUG\VC110.PDB
C:\ADAM\SERVING\DNNSIMULATORALL-D\DEBUG\DNNSIMULATOR.ILK
C:\ADAM\SERVING\DNNSIMULATORALL-D\DEBUG\DNNSIMULATOR.EXE
C:\ADAM\SERVING\DNNSIMULATORALL-D\DEBUG\DNNSIMULATOR.PDB
C:\ADAM\Serving\DNNSimulatorAll-D\DNNSimulator\Debug\CMachine.obj
C:\ADAM\Serving\DNNSimulatorAll-D\DNNSimulator\Debug\common.obj
C:\ADAM\Serving\DNNSimulatorAll-D\DNNSimulator\Debug\CQueue.obj
C:\ADAM\Serving\DNNSimulatorAll-D\DNNSimulator\Debug\CThread.obj
C:\ADAM\Serving\DNNSimulatorAll-D\DNNSimulator\Debug\main.obj
C:\ADAM\Serving\DNNSimulatorAll-D\DNNSimulator\Debug\rngs.obj
C:\ADAM\Serving\DNNSimulatorAll-D\DNNSimulator\Debug\rvgs.obj
C:\ADAM\Serving\DNNSimulatorAll-D\DNNSimulator\Debug\cl.command.1.tlog
C:\ADAM\Serving\DNNSimulatorAll-D\DNNSimulator\Debug\CL.read.1.tlog
C:\ADAM\Serving\DNNSimulatorAll-D\DNNSimulator\Debug\CL.write.1.tlog
C:\ADAM\Serving\DNNSimulatorAll-D\DNNSimulator\Debug\link-cvtres.read.1.tlog
C:\ADAM\Serving\DNNSimulatorAll-D\DNNSimulator\Debug\link-cvtres.write.1.tlog
C:\ADAM\Serving\DNNSimulatorAll-D\DNNSimulator\Debug\link-rc.read.1.tlog
C:\ADAM\Serving\DNNSimulatorAll-D\DNNSimulator\Debug\link-rc.write.1.tlog
C:\ADAM\Serving\DNNSimulatorAll-D\DNNSimulator\Debug\link.command.1.tlog
C:\ADAM\Serving\DNNSimulatorAll-D\DNNSimulator\Debug\link.read.1.tlog
C:\ADAM\Serving\DNNSimulatorAll-D\DNNSimulator\Debug\link.write.1.tlog
C:\ADAM\Serving\DNNSimulatorAll-D\DNNSimulator\Debug\vc110.idb
C:\ADAM\Serving\DNNSimulatorAll-D\DNNSimulator\Debug\vc110.pdb
C:\ADAM\Serving\DNNSimulatorAll-D\Debug\DNNSimulator.pdb
C:\ADAM\Serving\DNNSimulatorAll-D\Debug\DNNSimulator.exe
C:\ADAM\Serving\DNNSimulatorAll-D\Debug\DNNSimulator.ilk
